2021-12-13T09:11:54+00:00 CRITICAL Uncaught Error: Call to a member function have_posts() on null in C:\laragon\www\ecommerce\wp-content\themes\oceanwp\page-audifonos.php:24
Stack trace:
#0 C:\laragon\www\ecommerce\wp-includes\template-loader.php(106): include()
#1 C:\laragon\www\ecommerce\wp-blog-header.php(19): require_once('C:\\laragon\\www\\...')
#2 C:\laragon\www\ecommerce\index.php(17): require('C:\\laragon\\www\\...')
#3 {main}
  thrown en C:\laragon\www\ecommerce\wp-content\themes\oceanwp\page-audifonos.php en la línea 24

2021-12-13T09:12:48+00:00 CRITICAL Uncaught Error: Call to a member function have_posts() on null in C:\laragon\www\ecommerce\wp-content\themes\oceanwp\page-audifonos.php:24
Stack trace:
#0 C:\laragon\www\ecommerce\wp-includes\template-loader.php(106): include()
#1 C:\laragon\www\ecommerce\wp-blog-header.php(19): require_once('C:\\laragon\\www\\...')
#2 C:\laragon\www\ecommerce\index.php(17): require('C:\\laragon\\www\\...')
#3 {main}
  thrown en C:\laragon\www\ecommerce\wp-content\themes\oceanwp\page-audifonos.php en la línea 24

2021-12-13T09:16:23+00:00 CRITICAL Uncaught Error: Call to a member function have_posts() on null in C:\laragon\www\ecommerce\wp-content\themes\oceanwp\page-audifonos.php:24
Stack trace:
#0 C:\laragon\www\ecommerce\wp-includes\template-loader.php(106): include()
#1 C:\laragon\www\ecommerce\wp-blog-header.php(19): require_once('C:\\laragon\\www\\...')
#2 C:\laragon\www\ecommerce\index.php(17): require('C:\\laragon\\www\\...')
#3 {main}
  thrown en C:\laragon\www\ecommerce\wp-content\themes\oceanwp\page-audifonos.php en la línea 24

